{"C:\\Users\\kapil\\Documents\\prs\\Pre-Placement-Portal-Backend\\app.js": {"path":"C:\\Users\\kapil\\Documents\\prs\\Pre-Placement-Portal-Backend\\app.js","statementMap":{"0":{"start":{"line":1,"column":16},"end":{"line":1,"column":34}},"1":{"start":{"line":2,"column":13},"end":{"line":2,"column":28}},"2":{"start":{"line":3,"column":17},"end":{"line":3,"column":36}},"3":{"start":{"line":4,"column":16},"end":{"line":4,"column":42}},"4":{"start":{"line":5,"column":19},"end":{"line":5,"column":52}},"5":{"start":{"line":6,"column":17},"end":{"line":6,"column":41}},"6":{"start":{"line":7,"column":19},"end":{"line":7,"column":44}},"7":{"start":{"line":8,"column":27},"end":{"line":8,"column":60}},"8":{"start":{"line":9,"column":22},"end":{"line":9,"column":50}},"9":{"start":{"line":10,"column":19},"end":{"line":10,"column":44}},"10":{"start":{"line":11,"column":19},"end":{"line":11,"column":48}},"11":{"start":{"line":12,"column":31},"end":{"line":12,"column":68}},"12":{"start":{"line":13,"column":25},"end":{"line":13,"column":56}},"13":{"start":{"line":14,"column":26},"end":{"line":14,"column":58}},"14":{"start":{"line":16,"column":12},"end":{"line":16,"column":21}},"15":{"start":{"line":18,"column":0},"end":{"line":18,"column":24}},"16":{"start":{"line":19,"column":20},"end":{"line":22,"column":1}},"17":{"start":{"line":23,"column":0},"end":{"line":23,"column":27}},"18":{"start":{"line":24,"column":0},"end":{"line":32,"column":2}},"19":{"start":{"line":33,"column":0},"end":{"line":33,"column":31}},"20":{"start":{"line":34,"column":0},"end":{"line":34,"column":28}},"21":{"start":{"line":35,"column":0},"end":{"line":35,"column":43}},"22":{"start":{"line":37,"column":0},"end":{"line":37,"column":29}},"23":{"start":{"line":38,"column":0},"end":{"line":38,"column":45}},"24":{"start":{"line":39,"column":0},"end":{"line":39,"column":35}},"25":{"start":{"line":40,"column":0},"end":{"line":40,"column":29}},"26":{"start":{"line":41,"column":0},"end":{"line":41,"column":29}},"27":{"start":{"line":42,"column":0},"end":{"line":42,"column":53}},"28":{"start":{"line":43,"column":0},"end":{"line":43,"column":41}},"29":{"start":{"line":44,"column":0},"end":{"line":44,"column":43}},"30":{"start":{"line":46,"column":0},"end":{"line":46,"column":21}}},"fnMap":{},"branchMap":{},"s":{"0":1,"1":1,"2":1,"3":1,"4":1,"5":1,"6":1,"7":1,"8":1,"9":1,"10":1,"11":1,"12":1,"13":1,"14":1,"15":1,"16":1,"17":1,"18":1,"19":1,"20":1,"21":1,"22":1,"23":1,"24":1,"25":1,"26":1,"27":1,"28":1,"29":1,"30":1},"f":{},"b":{},"_coverageSchema":"1a1c01bbd47fc00a2c39e90264f33305004495a9","hash":"ea9d67ed57a177e64f6041ff33d761a02f2819fe"}
,"C:\\Users\\kapil\\Documents\\prs\\Pre-Placement-Portal-Backend\\models\\mocktest.js": {"path":"C:\\Users\\kapil\\Documents\\prs\\Pre-Placement-Portal-Backend\\models\\mocktest.js","statementMap":{"0":{"start":{"line":1,"column":17},"end":{"line":1,"column":36}},"1":{"start":{"line":3,"column":19},"end":{"line":27,"column":1}},"2":{"start":{"line":29,"column":13},"end":{"line":29,"column":47}},"3":{"start":{"line":31,"column":0},"end":{"line":31,"column":22}}},"fnMap":{},"branchMap":{},"s":{"0":1,"1":1,"2":1,"3":1},"f":{},"b":{},"_coverageSchema":"1a1c01bbd47fc00a2c39e90264f33305004495a9","hash":"ff09a73768d22c890eaad1f2d94f2b28b53bca0c"}
,"C:\\Users\\kapil\\Documents\\prs\\Pre-Placement-Portal-Backend\\routers\\mocktest.js": {"path":"C:\\Users\\kapil\\Documents\\prs\\Pre-Placement-Portal-Backend\\routers\\mocktest.js","statementMap":{"0":{"start":{"line":1,"column":16},"end":{"line":1,"column":34}},"1":{"start":{"line":2,"column":13},"end":{"line":2,"column":42}},"2":{"start":{"line":3,"column":28},"end":{"line":3,"column":67}},"3":{"start":{"line":4,"column":15},"end":{"line":4,"column":35}},"4":{"start":{"line":6,"column":0},"end":{"line":17,"column":3}},"5":{"start":{"line":7,"column":15},"end":{"line":10,"column":4}},"6":{"start":{"line":11,"column":2},"end":{"line":16,"column":3}},"7":{"start":{"line":12,"column":4},"end":{"line":12,"column":22}},"8":{"start":{"line":13,"column":4},"end":{"line":13,"column":42}},"9":{"start":{"line":15,"column":4},"end":{"line":15,"column":27}},"10":{"start":{"line":19,"column":0},"end":{"line":42,"column":3}},"11":{"start":{"line":20,"column":2},"end":{"line":41,"column":3}},"12":{"start":{"line":21,"column":46},"end":{"line":21,"column":55}},"13":{"start":{"line":22,"column":19},"end":{"line":29,"column":29}},"14":{"start":{"line":31,"column":23},"end":{"line":33,"column":23}},"15":{"start":{"line":35,"column":4},"end":{"line":37,"column":7}},"16":{"start":{"line":36,"column":6},"end":{"line":36,"column":79}},"17":{"start":{"line":39,"column":4},"end":{"line":39,"column":21}},"18":{"start":{"line":40,"column":4},"end":{"line":40,"column":27}},"19":{"start":{"line":44,"column":0},"end":{"line":57,"column":3}},"20":{"start":{"line":45,"column":2},"end":{"line":56,"column":3}},"21":{"start":{"line":46,"column":19},"end":{"line":46,"column":36}},"22":{"start":{"line":47,"column":19},"end":{"line":47,"column":56}},"23":{"start":{"line":49,"column":4},"end":{"line":53,"column":5}},"24":{"start":{"line":50,"column":6},"end":{"line":50,"column":50}},"25":{"start":{"line":52,"column":6},"end":{"line":52,"column":29}},"26":{"start":{"line":55,"column":4},"end":{"line":55,"column":27}},"27":{"start":{"line":59,"column":0},"end":{"line":59,"column":24}}},"fnMap":{"0":{"name":"(anonymous_0)","decl":{"start":{"line":6,"column":37},"end":{"line":6,"column":38}},"loc":{"start":{"line":6,"column":57},"end":{"line":17,"column":1}},"line":6},"1":{"name":"(anonymous_1)","decl":{"start":{"line":19,"column":41},"end":{"line":19,"column":42}},"loc":{"start":{"line":19,"column":61},"end":{"line":42,"column":1}},"line":19},"2":{"name":"(anonymous_2)","decl":{"start":{"line":35,"column":45},"end":{"line":35,"column":46}},"loc":{"start":{"line":35,"column":59},"end":{"line":37,"column":5}},"line":35},"3":{"name":"(anonymous_3)","decl":{"start":{"line":44,"column":50},"end":{"line":44,"column":51}},"loc":{"start":{"line":44,"column":70},"end":{"line":57,"column":1}},"line":44}},"branchMap":{"0":{"loc":{"start":{"line":49,"column":4},"end":{"line":53,"column":5}},"type":"if","locations":[{"start":{"line":49,"column":4},"end":{"line":53,"column":5}},{"start":{"line":49,"column":4},"end":{"line":53,"column":5}}],"line":49}},"s":{"0":1,"1":1,"2":1,"3":1,"4":1,"5":0,"6":0,"7":0,"8":0,"9":0,"10":1,"11":0,"12":0,"13":0,"14":0,"15":0,"16":0,"17":0,"18":0,"19":1,"20":0,"21":0,"22":0,"23":0,"24":0,"25":0,"26":0,"27":1},"f":{"0":0,"1":0,"2":0,"3":0},"b":{"0":[0,0]},"_coverageSchema":"1a1c01bbd47fc00a2c39e90264f33305004495a9","hash":"b7932c9c43afccb6537183daa06ab40f3dca480f"}
}
